[coco] /mnt/c/Users/da_nina/Desktop/project/master-cs/ACV-Assignments/Lab01 - OpenCV-Basic/P03_OpenCV-Basic/source/data/megafauna.yaml [test]: 253 imgs, 293 boxes -> /mnt/c/Users/da_nina/Desktop/project/master-cs/ACV-Assignments/Lab01 - OpenCV-Basic/P03_OpenCV-Basic/source/data/megafauna/notebooks/datasets/MegaFaunaSplit/test/images/_annotations.coco.json
saved /mnt/c/Users/da_nina/Desktop/project/master-cs/ACV-Assignments/Lab01 - OpenCV-Basic/P03_OpenCV-Basic/results/figures/yolov8_megafauna_cfm.png
saved /mnt/c/Users/da_nina/Desktop/project/master-cs/ACV-Assignments/Lab01 - OpenCV-Basic/P03_OpenCV-Basic/results/figures/yolov8_megafauna_loss.png
saved /mnt/c/Users/da_nina/Desktop/project/master-cs/ACV-Assignments/Lab01 - OpenCV-Basic/P03_OpenCV-Basic/results/figures/rtdetr_megafauna_cfm.png
saved /mnt/c/Users/da_nina/Desktop/project/master-cs/ACV-Assignments/Lab01 - OpenCV-Basic/P03_OpenCV-Basic/results/figures/rtdetr_megafauna_loss.png
saved /mnt/c/Users/da_nina/Desktop/project/master-cs/ACV-Assignments/Lab01 - OpenCV-Basic/P03_OpenCV-Basic/results/figures/detr_megafauna_cfm.png
saved /mnt/c/Users/da_nina/Desktop/project/master-cs/ACV-Assignments/Lab01 - OpenCV-Basic/P03_OpenCV-Basic/results/figures/detr_megafauna_loss.png
[coco] /mnt/c/Users/da_nina/Desktop/project/master-cs/ACV-Assignments/Lab01 - OpenCV-Basic/P03_OpenCV-Basic/source/data/fishinv.yaml [test]: 499 imgs, 940 boxes -> /mnt/c/Users/da_nina/Desktop/project/master-cs/ACV-Assignments/Lab01 - OpenCV-Basic/P03_OpenCV-Basic/source/data/fishinv/notebooks/datasets/FishInvSplit/test/images/_annotations.coco.json
saved /mnt/c/Users/da_nina/Desktop/project/master-cs/ACV-Assignments/Lab01 - OpenCV-Basic/P03_OpenCV-Basic/results/figures/yolov8_fishinv_cfm.png
saved /mnt/c/Users/da_nina/Desktop/project/master-cs/ACV-Assignments/Lab01 - OpenCV-Basic/P03_OpenCV-Basic/results/figures/yolov8_fishinv_loss.png
saved /mnt/c/Users/da_nina/Desktop/project/master-cs/ACV-Assignments/Lab01 - OpenCV-Basic/P03_OpenCV-Basic/results/figures/rtdetr_fishinv_cfm.png
saved /mnt/c/Users/da_nina/Desktop/project/master-cs/ACV-Assignments/Lab01 - OpenCV-Basic/P03_OpenCV-Basic/results/figures/rtdetr_fishinv_loss.png
saved /mnt/c/Users/da_nina/Desktop/project/master-cs/ACV-Assignments/Lab01 - OpenCV-Basic/P03_OpenCV-Basic/results/figures/detr_fishinv_cfm.png
saved /mnt/c/Users/da_nina/Desktop/project/master-cs/ACV-Assignments/Lab01 - OpenCV-Basic/P03_OpenCV-Basic/results/figures/detr_fishinv_loss.png
[coco] /mnt/c/Users/da_nina/Desktop/project/master-cs/ACV-Assignments/Lab01 - OpenCV-Basic/P03_OpenCV-Basic/source/data/megafauna.yaml [test]: 253 imgs, 293 boxes -> /mnt/c/Users/da_nina/Desktop/project/master-cs/ACV-Assignments/Lab01 - OpenCV-Basic/P03_OpenCV-Basic/source/data/megafauna/notebooks/datasets/MegaFaunaSplit/test/images/_annotations.coco.json
saved /mnt/c/Users/da_nina/Desktop/project/master-cs/ACV-Assignments/Lab01 - OpenCV-Basic/P03_OpenCV-Basic/results/figures/yolov8_megafauna_cfm.png
saved /mnt/c/Users/da_nina/Desktop/project/master-cs/ACV-Assignments/Lab01 - OpenCV-Basic/P03_OpenCV-Basic/results/figures/yolov8_megafauna_loss.png
saved /mnt/c/Users/da_nina/Desktop/project/master-cs/ACV-Assignments/Lab01 - OpenCV-Basic/P03_OpenCV-Basic/results/figures/rtdetr_megafauna_cfm.png
saved /mnt/c/Users/da_nina/Desktop/project/master-cs/ACV-Assignments/Lab01 - OpenCV-Basic/P03_OpenCV-Basic/results/figures/rtdetr_megafauna_loss.png
saved /mnt/c/Users/da_nina/Desktop/project/master-cs/ACV-Assignments/Lab01 - OpenCV-Basic/P03_OpenCV-Basic/results/figures/detr_megafauna_cfm.png
saved /mnt/c/Users/da_nina/Desktop/project/master-cs/ACV-Assignments/Lab01 - OpenCV-Basic/P03_OpenCV-Basic/results/figures/detr_megafauna_loss.png
[coco] /mnt/c/Users/da_nina/Desktop/project/master-cs/ACV-Assignments/Lab01 - OpenCV-Basic/P03_OpenCV-Basic/source/data/fishinv.yaml [test]: 499 imgs, 940 boxes -> /mnt/c/Users/da_nina/Desktop/project/master-cs/ACV-Assignments/Lab01 - OpenCV-Basic/P03_OpenCV-Basic/source/data/fishinv/notebooks/datasets/FishInvSplit/test/images/_annotations.coco.json
saved /mnt/c/Users/da_nina/Desktop/project/master-cs/ACV-Assignments/Lab01 - OpenCV-Basic/P03_OpenCV-Basic/results/figures/yolov8_fishinv_cfm.png
saved /mnt/c/Users/da_nina/Desktop/project/master-cs/ACV-Assignments/Lab01 - OpenCV-Basic/P03_OpenCV-Basic/results/figures/yolov8_fishinv_loss.png
saved /mnt/c/Users/da_nina/Desktop/project/master-cs/ACV-Assignments/Lab01 - OpenCV-Basic/P03_OpenCV-Basic/results/figures/rtdetr_fishinv_cfm.png
saved /mnt/c/Users/da_nina/Desktop/project/master-cs/ACV-Assignments/Lab01 - OpenCV-Basic/P03_OpenCV-Basic/results/figures/rtdetr_fishinv_loss.png
saved /mnt/c/Users/da_nina/Desktop/project/master-cs/ACV-Assignments/Lab01 - OpenCV-Basic/P03_OpenCV-Basic/results/figures/detr_fishinv_cfm.png
saved /mnt/c/Users/da_nina/Desktop/project/master-cs/ACV-Assignments/Lab01 - OpenCV-Basic/P03_OpenCV-Basic/results/figures/detr_fishinv_loss.png
[coco] /mnt/c/Users/da_nina/Desktop/project/master-cs/ACV-Assignments/Lab01 - OpenCV-Basic/P03_OpenCV-Basic/source/data/megafauna.yaml [test]: 253 imgs, 293 boxes -> /mnt/c/Users/da_nina/Desktop/project/master-cs/ACV-Assignments/Lab01 - OpenCV-Basic/P03_OpenCV-Basic/source/data/megafauna/notebooks/datasets/MegaFaunaSplit/test/images/_annotations.coco.json
saved /mnt/c/Users/da_nina/Desktop/project/master-cs/ACV-Assignments/Lab01 - OpenCV-Basic/P03_OpenCV-Basic/results/figures/yolov8_megafauna_cfm.png
saved /mnt/c/Users/da_nina/Desktop/project/master-cs/ACV-Assignments/Lab01 - OpenCV-Basic/P03_OpenCV-Basic/results/figures/yolov8_megafauna_loss.png
saved /mnt/c/Users/da_nina/Desktop/project/master-cs/ACV-Assignments/Lab01 - OpenCV-Basic/P03_OpenCV-Basic/results/figures/rtdetr_megafauna_cfm.png
saved /mnt/c/Users/da_nina/Desktop/project/master-cs/ACV-Assignments/Lab01 - OpenCV-Basic/P03_OpenCV-Basic/results/figures/rtdetr_megafauna_loss.png
saved /mnt/c/Users/da_nina/Desktop/project/master-cs/ACV-Assignments/Lab01 - OpenCV-Basic/P03_OpenCV-Basic/results/figures/detr_megafauna_cfm.png
saved /mnt/c/Users/da_nina/Desktop/project/master-cs/ACV-Assignments/Lab01 - OpenCV-Basic/P03_OpenCV-Basic/results/figures/detr_megafauna_loss.png
[coco] /mnt/c/Users/da_nina/Desktop/project/master-cs/ACV-Assignments/Lab01 - OpenCV-Basic/P03_OpenCV-Basic/source/data/fishinv.yaml [test]: 499 imgs, 940 boxes -> /mnt/c/Users/da_nina/Desktop/project/master-cs/ACV-Assignments/Lab01 - OpenCV-Basic/P03_OpenCV-Basic/source/data/fishinv/notebooks/datasets/FishInvSplit/test/images/_annotations.coco.json
saved /mnt/c/Users/da_nina/Desktop/project/master-cs/ACV-Assignments/Lab01 - OpenCV-Basic/P03_OpenCV-Basic/results/figures/yolov8_fishinv_cfm.png
saved /mnt/c/Users/da_nina/Desktop/project/master-cs/ACV-Assignments/Lab01 - OpenCV-Basic/P03_OpenCV-Basic/results/figures/yolov8_fishinv_loss.png
saved /mnt/c/Users/da_nina/Desktop/project/master-cs/ACV-Assignments/Lab01 - OpenCV-Basic/P03_OpenCV-Basic/results/figures/rtdetr_fishinv_cfm.png
saved /mnt/c/Users/da_nina/Desktop/project/master-cs/ACV-Assignments/Lab01 - OpenCV-Basic/P03_OpenCV-Basic/results/figures/rtdetr_fishinv_loss.png
saved /mnt/c/Users/da_nina/Desktop/project/master-cs/ACV-Assignments/Lab01 - OpenCV-Basic/P03_OpenCV-Basic/results/figures/detr_fishinv_cfm.png
saved /mnt/c/Users/da_nina/Desktop/project/master-cs/ACV-Assignments/Lab01 - OpenCV-Basic/P03_OpenCV-Basic/results/figures/detr_fishinv_loss.png
[coco] /mnt/c/Users/da_nina/Desktop/project/master-cs/ACV-Assignments/Lab01 - OpenCV-Basic/P03_OpenCV-Basic/source/data/megafauna.yaml [test]: 253 imgs, 293 boxes -> /mnt/c/Users/da_nina/Desktop/project/master-cs/ACV-Assignments/Lab01 - OpenCV-Basic/P03_OpenCV-Basic/source/data/megafauna/notebooks/datasets/MegaFaunaSplit/test/images/_annotations.coco.json
saved /mnt/c/Users/da_nina/Desktop/project/master-cs/ACV-Assignments/Lab01 - OpenCV-Basic/P03_OpenCV-Basic/results/figures/yolov8_megafauna_cfm.png
saved /mnt/c/Users/da_nina/Desktop/project/master-cs/ACV-Assignments/Lab01 - OpenCV-Basic/P03_OpenCV-Basic/results/figures/yolov8_megafauna_loss.png
saved /mnt/c/Users/da_nina/Desktop/project/master-cs/ACV-Assignments/Lab01 - OpenCV-Basic/P03_OpenCV-Basic/results/figures/rtdetr_megafauna_cfm.png
saved /mnt/c/Users/da_nina/Desktop/project/master-cs/ACV-Assignments/Lab01 - OpenCV-Basic/P03_OpenCV-Basic/results/figures/rtdetr_megafauna_loss.png
saved /mnt/c/Users/da_nina/Desktop/project/master-cs/ACV-Assignments/Lab01 - OpenCV-Basic/P03_OpenCV-Basic/results/figures/detr_megafauna_cfm.png
saved /mnt/c/Users/da_nina/Desktop/project/master-cs/ACV-Assignments/Lab01 - OpenCV-Basic/P03_OpenCV-Basic/results/figures/detr_megafauna_loss.png
[coco] /mnt/c/Users/da_nina/Desktop/project/master-cs/ACV-Assignments/Lab01 - OpenCV-Basic/P03_OpenCV-Basic/source/data/fishinv.yaml [test]: 499 imgs, 940 boxes -> /mnt/c/Users/da_nina/Desktop/project/master-cs/ACV-Assignments/Lab01 - OpenCV-Basic/P03_OpenCV-Basic/source/data/fishinv/notebooks/datasets/FishInvSplit/test/images/_annotations.coco.json
saved /mnt/c/Users/da_nina/Desktop/project/master-cs/ACV-Assignments/Lab01 - OpenCV-Basic/P03_OpenCV-Basic/results/figures/yolov8_fishinv_cfm.png
saved /mnt/c/Users/da_nina/Desktop/project/master-cs/ACV-Assignments/Lab01 - OpenCV-Basic/P03_OpenCV-Basic/results/figures/yolov8_fishinv_loss.png
saved /mnt/c/Users/da_nina/Desktop/project/master-cs/ACV-Assignments/Lab01 - OpenCV-Basic/P03_OpenCV-Basic/results/figures/rtdetr_fishinv_cfm.png
saved /mnt/c/Users/da_nina/Desktop/project/master-cs/ACV-Assignments/Lab01 - OpenCV-Basic/P03_OpenCV-Basic/results/figures/rtdetr_fishinv_loss.png
saved /mnt/c/Users/da_nina/Desktop/project/master-cs/ACV-Assignments/Lab01 - OpenCV-Basic/P03_OpenCV-Basic/results/figures/detr_fishinv_cfm.png
saved /mnt/c/Users/da_nina/Desktop/project/master-cs/ACV-Assignments/Lab01 - OpenCV-Basic/P03_OpenCV-Basic/results/figures/detr_fishinv_loss.png
