[info] pin_memory disabled
Ultralytics 8.4.71 🚀 Python-3.12.3 torch-2.12.1+cu130 CUDA:0 (NVIDIA GeForce RTX 4090, 24564MiB)
[34m[1mengine/trainer: [0magnostic_nms=False, amp=True, angle=1.0, augment=False, auto_augment=randaugment, batch=16, bgr=0.0, box=7.5, cache=False, cfg=None, classes=None, close_mosaic=10, cls=0.5, cls_pw=0.0, compile=False, conf=None, copy_paste=0.0, copy_paste_mode=flip, cos_lr=False, cutmix=0.0, data=/mnt/c/Users/da_nina/Desktop/project/master-cs/ACV-Assignments/Lab01 - OpenCV-Basic/P03_OpenCV-Basic/source/data/megafauna.yaml, degrees=0.0, deterministic=True, device=0, dfl=1.5, dnn=False, dropout=0.0, dynamic=False, embed=None, end2end=None, epochs=1, erasing=0.4, exist_ok=True, fliplr=0.5, flipud=0.0, format=torchscript, fraction=1.0, freeze=None, half=False, hsv_h=0.015, hsv_s=0.7, hsv_v=0.4, imgsz=640, int8=False, iou=0.7, keras=False, kobj=1.0, line_width=None, lr0=0.01, lrf=0.01, mask_ratio=4, max_det=300, mixup=0.0, mode=train, model=rtdetr-l.pt, momentum=0.937, mosaic=1.0, multi_scale=0.0, name=rtdetr_megafauna, nbs=64, nms=False, opset=None, optimize=False, optimizer=auto, overlap_mask=True, patience=100, perspective=0.0, plots=True, pose=12.0, pretrained=True, profile=False, project=/mnt/c/Users/da_nina/Desktop/project/master-cs/ACV-Assignments/Lab01 - OpenCV-Basic/P03_OpenCV-Basic/source/runs, rect=False, resume=False, retina_masks=False, rle=1.0, save=True, save_conf=False, save_crop=False, save_dir=/mnt/c/Users/da_nina/Desktop/project/master-cs/ACV-Assignments/Lab01 - OpenCV-Basic/P03_OpenCV-Basic/source/runs/rtdetr_megafauna, save_frames=False, save_json=False, save_period=-1, save_txt=False, scale=0.5, seed=0, shear=0.0, show=False, show_boxes=True, show_conf=True, show_labels=True, simplify=True, single_cls=False, source=None, split=val, stream_buffer=False, task=detect, time=None, tracker=botsort.yaml, translate=0.1, val=True, verbose=True, vid_stride=1, visualize=False, warmup_bias_lr=0.1, warmup_epochs=3.0, warmup_momentum=0.8, weight_decay=0.0005, workers=0, workspace=None
Overriding model.yaml nc=80 with nc=3
WARNING ⚠️ no model scale passed. Assuming scale='l'.

                   from  n    params  module                                       arguments                     
  0                  -1  1     25248  ultralytics.nn.modules.block.HGStem          [3, 32, 48]                   
  1                  -1  6    155072  ultralytics.nn.modules.block.HGBlock         [48, 48, 128, 3, 6]           
  2                  -1  1      1408  ultralytics.nn.modules.conv.DWConv           [128, 128, 3, 2, 1, False]    
  3                  -1  6    839296  ultralytics.nn.modules.block.HGBlock         [128, 96, 512, 3, 6]          
  4                  -1  1      5632  ultralytics.nn.modules.conv.DWConv           [512, 512, 3, 2, 1, False]    
  5                  -1  6   1695360  ultralytics.nn.modules.block.HGBlock         [512, 192, 1024, 5, 6, True, False]
  6                  -1  6   2055808  ultralytics.nn.modules.block.HGBlock         [1024, 192, 1024, 5, 6, True, True]
  7                  -1  6   2055808  ultralytics.nn.modules.block.HGBlock         [1024, 192, 1024, 5, 6, True, True]
  8                  -1  1     11264  ultralytics.nn.modules.conv.DWConv           [1024, 1024, 3, 2, 1, False]  
  9                  -1  6   6708480  ultralytics.nn.modules.block.HGBlock         [1024, 384, 2048, 5, 6, True, False]
 10                  -1  1    524800  ultralytics.nn.modules.conv.Conv             [2048, 256, 1, 1, None, 1, 1, False]
 11                  -1  1    789760  ultralytics.nn.modules.transformer.AIFI      [256, 1024, 8]                
 12                  -1  1     66048  ultralytics.nn.modules.conv.Conv             [256, 256, 1, 1]              
 13                  -1  1         0  torch.nn.modules.upsampling.Upsample         [None, 2, 'nearest']          
 14                   7  1    262656  ultralytics.nn.modules.conv.Conv             [1024, 256, 1, 1, None, 1, 1, False]
 15            [-2, -1]  1         0  ultralytics.nn.modules.conv.Concat           [1]                           
 16                  -1  3   2232320  ultralytics.nn.modules.block.RepC3           [512, 256, 3]                 
 17                  -1  1     66048  ultralytics.nn.modules.conv.Conv             [256, 256, 1, 1]              
 18                  -1  1         0  torch.nn.modules.upsampling.Upsample         [None, 2, 'nearest']          
 19                   3  1    131584  ultralytics.nn.modules.conv.Conv             [512, 256, 1, 1, None, 1, 1, False]
 20            [-2, -1]  1         0  ultralytics.nn.modules.conv.Concat           [1]                           
 21                  -1  3   2232320  ultralytics.nn.modules.block.RepC3           [512, 256, 3]                 
 22                  -1  1    590336  ultralytics.nn.modules.conv.Conv             [256, 256, 3, 2]              
 23            [-1, 17]  1         0  ultralytics.nn.modules.conv.Concat           [1]                           
 24                  -1  3   2232320  ultralytics.nn.modules.block.RepC3           [512, 256, 3]                 
 25                  -1  1    590336  ultralytics.nn.modules.conv.Conv             [256, 256, 3, 2]              
 26            [-1, 12]  1         0  ultralytics.nn.modules.conv.Concat           [1]                           
 27                  -1  3   2232320  ultralytics.nn.modules.block.RepC3           [512, 256, 3]                 
 28        [21, 24, 27]  1   7308017  ultralytics.nn.modules.head.RTDETRDecoder    [3, [256, 256, 256]]          
rt-detr-l summary: 465 layers, 32,812,241 parameters, 32,812,241 gradients, 108.0 GFLOPs

Transferred 926/941 items from pretrained weights
[34m[1mAMP: [0mrunning Automatic Mixed Precision (AMP) checks...
[34m[1mAMP: [0mchecks passed ✅
[34m[1mtrain: [0mFast image access ✅ (ping: 1.3±0.2 ms, read: 37.6±55.8 MB/s, size: 85.4 KB)
[K[34m[1mtrain: [0mScanning /mnt/c/Users/da_nina/Desktop/project/master-cs/ACV-Assignments/Lab01 - OpenCV-Basic/P03_OpenCV-Basic/source/data/megafauna/notebooks/datasets/MegaFaunaSplit/train/labels.cache... 6504 images, 596 backgrounds, 0 corrupt: 100% ━━━━━━━━━━━━ 6504/6504 1.1Git/s 0.0s
[34m[1malbumentations: [0mBlur(p=0.01, blur_limit=(3, 7)), MedianBlur(p=0.01, blur_limit=(3, 7)), ToGray(p=0.01, method='weighted_average', num_output_channels=3), CLAHE(p=0.01, clip_limit=(1.0, 4.0), tile_grid_size=(8, 8))
[34m[1mval: [0mFast image access ✅ (ping: 1.4±0.3 ms, read: 37.5±29.0 MB/s, size: 73.5 KB)
[K[34m[1mval: [0mScanning /mnt/c/Users/da_nina/Desktop/project/master-cs/ACV-Assignments/Lab01 - OpenCV-Basic/P03_OpenCV-Basic/source/data/megafauna/notebooks/datasets/MegaFaunaSplit/valid/labels.cache... 1626 images, 149 backgrounds, 0 corrupt: 100% ━━━━━━━━━━━━ 1626/1626 235.2Mit/s 0.0s
[34m[1moptimizer:[0m 'optimizer=auto' found, ignoring 'lr0=0.01' and 'momentum=0.937' and determining best 'optimizer', 'lr0' and 'momentum' automatically... 
[34m[1moptimizer:[0m AdamW(lr=0.001429, momentum=0.9) with parameter groups 143 weight(decay=0.0), 206 weight(decay=0.0005), 226 bias(decay=0.0)
Plotting labels to /mnt/c/Users/da_nina/Desktop/project/master-cs/ACV-Assignments/Lab01 - OpenCV-Basic/P03_OpenCV-Basic/source/runs/rtdetr_megafauna/labels.jpg... 
Image sizes 640 train, 640 val
Using 0 dataloader workers
Logging results to [1m/mnt/c/Users/da_nina/Desktop/project/master-cs/ACV-Assignments/Lab01 - OpenCV-Basic/P03_OpenCV-Basic/source/runs/rtdetr_megafauna[0m
Starting training for 1 epochs...

      Epoch    GPU_mem  giou_loss   cls_loss    l1_loss  Instances       Size
/home/nina/venvs/ai/lib/python3.12/site-packages/torch/autograd/graph.py:882: UserWarning: grid_sampler_2d_backward_cuda does not have a deterministic implementation, but you set 'torch.use_deterministic_algorithms(True, warn_only=True)'. You can file an issue at https://github.com/pytorch/pytorch/issues to help us prioritize adding deterministic support for this operation. (Triggered internally at /pytorch/aten/src/ATen/Context.cpp:160.)
  return Variable._execution_engine.run_backward(  # Calls into the C++ engine to run the backward pass
[K        1/1      42.2G      1.256      15.48      1.029         86       1280: 0% ──────────── 0/407  24.2s[K        1/1      42.2G      1.021      18.14     0.8219         65       1280: 0% ──────────── 1/407 71.3s/it 45.6s<8:02:29[K        1/1      42.2G      1.001      18.65     0.7661         68       1280: 0% ──────────── 2/407 41.3s/it 1:06<4:38:33[K        1/1      42.2G     0.9008      19.84     0.7055         58       1280: 0% ──────────── 3/407 32.1s/it 1:28<3:36:16[K        1/1      42.2G     0.8641      20.54     0.6936         56       1280: 0% ──────────── 4/407 27.4s/it 1:48<3:03:49[K        1/1      42.2G     0.8185      21.66     0.6834         49       1280: 1% ──────────── 5/407 25.3s/it 2:09<2:49:36[K        1/1      42.2G     0.8125      21.63     0.6629         61       1280: 1% ──────────── 6/407 23.5s/it 2:30<2:37:04[K        1/1      42.2G     0.8117      21.83      0.666         57       1280: 1% ──────────── 7/407 22.8s/it 2:51<2:32:17[K        1/1      42.3G     0.8192      22.27     0.6646         51       1280: 1% ──────────── 8/407 21.8s/it 3:11<2:24:58[K        1/1      42.3G     0.7871      22.13     0.6336         64       1280: 2% ──────────── 9/407 21.7s/it 3:32<2:24:13[K        1/1      42.3G     0.7815      22.06     0.6293         60       1280: 2% ──────────── 10/407 21.2s/it 3:52<2:20:12[K        1/1      42.3G     0.7743      22.06     0.6211         57       1280: 2% ──────────── 11/407 21.4s/it 4:14<2:21:33[K        1/1      42.3G     0.7653      22.13     0.6123         53       1280: 2% ──────────── 12/407 21.2s/it 4:35<2:19:43[K        1/1      42.3G       0.76      22.03     0.6124         55       1280: 3% ──────────── 13/407 21.4s/it 4:57<2:20:48