Warning: You are sending unauthenticated requests to the HF Hub. Please set a HF_TOKEN to enable higher rate limits and faster downloads.
[transformers] You passed `num_labels=3` which is incompatible to the `id2label` map of length `91`.
Loading weights:   0%|          | 0/530 [00:00<?, ?it/s]Loading weights: 100%|██████████| 530/530 [00:00<00:00, 11541.96it/s]
[transformers] [1mDetrForObjectDetection LOAD REPORT[0m from: facebook/detr-resnet-50
Key                                                            | Status     |                                                                                        
---------------------------------------------------------------+------------+----------------------------------------------------------------------------------------
model.backbone.model.layer4.0.downsample.1.num_batches_tracked | UNEXPECTED |                                                                                        
model.backbone.model.layer1.0.downsample.1.num_batches_tracked | UNEXPECTED |                                                                                        
model.backbone.model.layer2.0.downsample.1.num_batches_tracked | UNEXPECTED |                                                                                        
model.backbone.model.layer3.0.downsample.1.num_batches_tracked | UNEXPECTED |                                                                                        
class_labels_classifier.weight                                 | MISMATCH   | Reinit due to size mismatch - ckpt: torch.Size([92, 256]) vs model:torch.Size([4, 256])
class_labels_classifier.bias                                   | MISMATCH   | Reinit due to size mismatch - ckpt: torch.Size([92]) vs model:torch.Size([4])          

Notes:
- UNEXPECTED:	can be ignored when loading from different task/architecture; not ok if you expect identical arch.
- MISMATCH:	ckpt weights were loaded, but they did not match the original empty weight shapes.
[coco] /mnt/c/Users/da_nina/Desktop/project/master-cs/ACV-Assignments/Lab01 - OpenCV-Basic/P03_OpenCV-Basic/source/data/megafauna.yaml [train]: 6504 imgs, 7403 boxes -> /mnt/c/Users/da_nina/Desktop/project/master-cs/ACV-Assignments/Lab01 - OpenCV-Basic/P03_OpenCV-Basic/source/data/megafauna/notebooks/datasets/MegaFaunaSplit/train/images/_annotations.coco.json
loading annotations into memory...
Done (t=0.02s)
creating index...
index created!
[coco] /mnt/c/Users/da_nina/Desktop/project/master-cs/ACV-Assignments/Lab01 - OpenCV-Basic/P03_OpenCV-Basic/source/data/megafauna.yaml [val]: 1626 imgs, 1822 boxes -> /mnt/c/Users/da_nina/Desktop/project/master-cs/ACV-Assignments/Lab01 - OpenCV-Basic/P03_OpenCV-Basic/source/data/megafauna/notebooks/datasets/MegaFaunaSplit/valid/images/_annotations.coco.json
loading annotations into memory...
Done (t=0.01s)
creating index...
index created!
Train DETR | classes=3 | device=cuda
Traceback (most recent call last):
  File "/mnt/c/Users/da_nina/Desktop/project/master-cs/ACV-Assignments/Lab01 - OpenCV-Basic/P03_OpenCV-Basic/source/detr/train.py", line 67, in <module>
    main()
  File "/mnt/c/Users/da_nina/Desktop/project/master-cs/ACV-Assignments/Lab01 - OpenCV-Basic/P03_OpenCV-Basic/source/detr/train.py", line 45, in main
    for step, b in enumerate(tl, 1):
  File "/home/nina/venvs/ai/lib/python3.12/site-packages/torch/utils/data/dataloader.py", line 718, in __next__
    data = self._next_data()
           ^^^^^^^^^^^^^^^^^
  File "/home/nina/venvs/ai/lib/python3.12/site-packages/torch/utils/data/dataloader.py", line 1525, in _next_data
    return self._process_data(data, worker_id)
           ^^^^^^^^^^^^^^^^^^^^^^^^^^^^^^^^^^^
  File "/home/nina/venvs/ai/lib/python3.12/site-packages/torch/utils/data/dataloader.py", line 1563, in _process_data
    data.reraise()
  File "/home/nina/venvs/ai/lib/python3.12/site-packages/torch/_utils.py", line 774, in reraise
    raise exception
TypeError: Caught TypeError in DataLoader worker process 0.
Original Traceback (most recent call last):
  File "/home/nina/venvs/ai/lib/python3.12/site-packages/torch/utils/data/_utils/worker.py", line 374, in _worker_loop
    data = fetcher.fetch(index)  # type: ignore[possibly-undefined]
           ^^^^^^^^^^^^^^^^^^^^
  File "/home/nina/venvs/ai/lib/python3.12/site-packages/torch/utils/data/_utils/fetch.py", line 57, in fetch
    return self.collate_fn(data)
           ^^^^^^^^^^^^^^^^^^^^^
  File "/mnt/c/Users/da_nina/Desktop/project/master-cs/ACV-Assignments/Lab01 - OpenCV-Basic/P03_OpenCV-Basic/source/detr/dataset.py", line 26, in collate
    enc = processor.pad([b[0] for b in batch], return_tensors="pt")
          ^^^^^^^^^^^^^^^^^^^^^^^^^^^^^^^^^^^^^^^^^^^^^^^^^^^^^^^^^
TypeError: DetrImageProcessor.pad() got an unexpected keyword argument 'return_tensors'

